<?xml version="1.0" encoding="utf-8"?><testsuites name="pytest tests"><testsuite name="pytest" errors="0" failures="0" skipped="0" tests="58" time="11.134" timestamp="2026-04-21T22:56:20.923156+00:00" hostname="agent-env-033db8e0-7947-4bae-bc41-3ee0293d3c85"><testcase classname="backend.tests.test_mobile_pivot.TestLinks" name="test_get_links" time="0.262" /><testcase classname="backend.tests.test_mobile_pivot.TestMagazines" name="test_list_magazines" time="0.187" /><testcase classname="backend.tests.test_mobile_pivot.TestMagazines" name="test_create_magazine_requires_admin" time="0.509" /><testcase classname="backend.tests.test_mobile_pivot.TestMagazines" name="test_create_magazine_unauthenticated" time="0.208" /><testcase classname="backend.tests.test_mobile_pivot.TestMagazines" name="test_admin_create_and_delete_magazine" time="0.766" /><testcase classname="backend.tests.test_mobile_pivot.TestFeed" name="test_feed_requires_auth" time="0.133" /><testcase classname="backend.tests.test_mobile_pivot.TestFeed" name="test_create_post_awards_points" time="0.228" /><testcase classname="backend.tests.test_mobile_pivot.TestFeed" name="test_invalid_media_type" time="0.062" /><testcase classname="backend.tests.test_mobile_pivot.TestFeed" name="test_toggle_like" time="0.122" /><testcase classname="backend.tests.test_mobile_pivot.TestFeed" name="test_comments" time="0.510" /><testcase classname="backend.tests.test_mobile_pivot.TestTCG" name="test_list_collections" time="0.089" /><testcase classname="backend.tests.test_mobile_pivot.TestTCG" name="test_list_cards" time="0.074" /><testcase classname="backend.tests.test_mobile_pivot.TestTCG" name="test_collection_requires_admin" time="0.072" /><testcase classname="backend.tests.test_mobile_pivot.TestTCG" name="test_admin_create_collection_and_card" time="0.164" /><testcase classname="backend.tests.test_mobile_pivot.TestTCG" name="test_toggle_card" time="0.217" /><testcase classname="backend.tests.test_mobile_pivot.TestTCG" name="test_toggle_unknown_card" time="0.067" /><testcase classname="backend.tests.test_mobile_pivot.TestTCG" name="test_claim_and_admin_approve_awards_points_and_cash" time="0.589" /><testcase classname="backend.tests.test_mobile_pivot.TestTCG" name="test_tradein" time="0.150" /><testcase classname="backend.tests.test_mobile_pivot.TestTCG" name="test_trade" time="0.208" /><testcase classname="backend.tests.test_mobile_pivot.TestTCG" name="test_trade_invalid_partner" time="0.062" /><testcase classname="backend.tests.test_mobile_pivot.TestTrips" name="test_list_trips_requires_auth" time="0.156" /><testcase classname="backend.tests.test_mobile_pivot.TestTrips" name="test_admin_create_trip" time="0.158" /><testcase classname="backend.tests.test_mobile_pivot.TestTrips" name="test_member_cannot_create_trip" time="0.064" /><testcase classname="backend.tests.test_mobile_pivot.TestGiveaways" name="test_list_and_enter_giveaway" time="0.245" /><testcase classname="backend.tests.test_mobile_pivot.TestGiveaways" name="test_admin_create_giveaway" time="0.072" /><testcase classname="backend.tests.test_mobile_pivot.TestContests" name="test_contests_flow" time="0.393" /><testcase classname="backend.tests.test_mobile_pivot.TestArticles" name="test_article_submit_and_approve" time="0.329" /><testcase classname="backend.tests.test_mobile_pivot.TestArticles" name="test_magazine_article_awards_50" time="0.257" /><testcase classname="backend.tests.test_mobile_pivot.TestArticles" name="test_member_cannot_approve" time="0.061" /><testcase classname="backend.tests.test_mobile_pivot.TestExtendedProfile" name="test_get_and_put" time="0.211" /><testcase classname="backend.tests.test_mobile_pivot.TestExtendedProfile" name="test_requires_auth" time="0.257" /><testcase classname="backend.tests.test_mobile_pivot.TestEventTickets" name="test_patch_event_requires_admin" time="0.263" /><testcase classname="backend.tests.test_mobile_pivot.TestEventTickets" name="test_checkout_requires_ticket_enabled" time="0.195" /><testcase classname="backend.tests.test_mobile_pivot.TestEventTickets" name="test_checkout_unknown_event" time="0.071" /><testcase classname="backend.tests.test_mobile_pivot.TestEventTickets" name="test_checkout_requires_auth" time="0.205" /><testcase classname="backend.tests.test_mobile_pivot.TestEventTickets" name="test_checkout_success_creates_transaction" time="0.729" /><testcase classname="backend.tests.test_mobile_pivot.TestEventTickets" name="test_payment_status_returns_not_paid" time="0.366" /><testcase classname="backend.tests.test_mobile_pivot.TestEventTickets" name="test_payment_status_unknown_session" time="0.062" /><testcase classname="backend.tests.test_mobile_pivot.TestEventTickets" name="test_tickets_list_requires_auth" time="0.122" /><testcase classname="backend.tests.test_mobile_pivot.TestEventTickets" name="test_tickets_list_empty_for_new_user" time="0.074" /><testcase classname="backend.tests.test_mobile_pivot" name="test_protected_endpoints_return_401_without_auth[/feed/posts-GET]" time="0.123" /><testcase classname="backend.tests.test_mobile_pivot" name="test_protected_endpoints_return_401_without_auth[/tcg/collections-GET]" time="0.142" /><testcase classname="backend.tests.test_mobile_pivot" name="test_protected_endpoints_return_401_without_auth[/tcg/my-collection-GET]" time="0.102" /><testcase classname="backend.tests.test_mobile_pivot" name="test_protected_endpoints_return_401_without_auth[/tcg/claims-GET]" time="0.130" /><testcase classname="backend.tests.test_mobile_pivot" name="test_protected_endpoints_return_401_without_auth[/tcg/tradeins-GET]" time="0.124" /><testcase classname="backend.tests.test_mobile_pivot" name="test_protected_endpoints_return_401_without_auth[/tcg/trades-GET]" time="0.107" /><testcase classname="backend.tests.test_mobile_pivot" name="test_protected_endpoints_return_401_without_auth[/trips-GET]" time="0.170" /><testcase classname="backend.tests.test_mobile_pivot" name="test_protected_endpoints_return_401_without_auth[/giveaways-GET]" time="0.122" /><testcase classname="backend.tests.test_mobile_pivot" name="test_protected_endpoints_return_401_without_auth[/contests-GET]" time="0.139" /><testcase classname="backend.tests.test_mobile_pivot" name="test_protected_endpoints_return_401_without_auth[/articles-GET]" time="0.123" /><testcase classname="backend.tests.test_mobile_pivot" name="test_protected_endpoints_return_401_without_auth[/profile/extended-GET]" time="0.135" /><testcase classname="backend.tests.test_mobile_pivot" name="test_protected_endpoints_return_401_without_auth[/tickets-GET]" time="0.150" /><testcase classname="backend.tests.test_mobile_pivot" name="test_admin_only_post_403_for_members[/magazines]" time="0.118" /><testcase classname="backend.tests.test_mobile_pivot" name="test_admin_only_post_403_for_members[/tcg/collections]" time="0.060" /><testcase classname="backend.tests.test_mobile_pivot" name="test_admin_only_post_403_for_members[/tcg/cards]" time="0.062" /><testcase classname="backend.tests.test_mobile_pivot" name="test_admin_only_post_403_for_members[/trips]" time="0.059" /><testcase classname="backend.tests.test_mobile_pivot" name="test_admin_only_post_403_for_members[/giveaways]" time="0.060" /><testcase classname="backend.tests.test_mobile_pivot" name="test_admin_only_post_403_for_members[/contests]" time="0.077" /></testsuite></testsuites>